<?xml version="1.0" encoding="UTF-8"?>
<!-- Generated by org.testng.reporters.JUnitReportReporter -->
<testsuite hostname="Rohit-Badole" failures="0" tests="1" name="qaClickAcademy.Table" time="7.162" errors="0" timestamp="2022-07-16T14:20:01 IST" skipped="0">
  <testcase classname="qaClickAcademy.Table" name="method1" time="7.162"/>
  <system-out/>
</testsuite> <!-- qaClickAcademy.Table -->
