<?xml version="1.0" encoding="UTF-8"?>
<!-- Generated by org.testng.reporters.JUnitReportReporter -->
<testsuite hostname="Rohit-Badole" failures="0" tests="1" name="RohitAutomation.Framework_Practice.Class3Test" time="10.522" errors="0" timestamp="2022-07-16T05:24:08 IST" skipped="0">
  <testcase classname="RohitAutomation.Framework_Practice.Class3Test" name="method1" time="10.522"/>
  <system-out/>
</testsuite> <!-- RohitAutomation.Framework_Practice.Class3Test -->
