<?xml version="1.0" encoding="UTF-8"?>
<!-- Generated by org.testng.reporters.JUnitReportReporter -->
<testsuite hostname="Rohit-Badole" failures="0" tests="1" name="RohitAutomation.Framework_Practice.TextField" time="6.662" errors="0" timestamp="2022-07-16T05:39:41 IST" skipped="0">
  <testcase classname="RohitAutomation.Framework_Practice.TextField" name="method1" time="6.662"/>
  <system-out/>
</testsuite> <!-- RohitAutomation.Framework_Practice.TextField -->
