<?xml version="1.0" encoding="UTF-8"?>
<!-- Generated by org.testng.reporters.JUnitReportReporter -->
<testsuite hostname="Rohit-Badole" failures="0" tests="1" name="qaClickAcademy.Dropdown" time="16.014" errors="0" timestamp="2022-07-17T05:06:52 IST" skipped="0">
  <testcase classname="qaClickAcademy.Dropdown" name="dropdown" time="16.014"/>
  <system-out/>
</testsuite> <!-- qaClickAcademy.Dropdown -->
