<?xml version="1.0" encoding="UTF-8"?>
<!-- Generated by org.testng.reporters.JUnitReportReporter -->
<testsuite hostname="Rohit-Badole" failures="0" tests="1" name="RohitAutomation.Framework_Practice.RadioButtons" time="8.981" errors="0" timestamp="2022-07-16T06:17:09 IST" skipped="0">
  <testcase classname="RohitAutomation.Framework_Practice.RadioButtons" name="method1" time="8.981"/>
  <system-out/>
</testsuite> <!-- RohitAutomation.Framework_Practice.RadioButtons -->
