<?xml version="1.0" encoding="UTF-8"?>
<!-- Generated by org.testng.reporters.JUnitReportReporter -->
<testsuite hostname="Rohit-Badole" failures="0" tests="1" name="RohitAutomation.Framework_Practice.Checkbox" time="8.374" errors="0" timestamp="2022-07-16T06:01:20 IST" skipped="0">
  <testcase classname="RohitAutomation.Framework_Practice.Checkbox" name="method1" time="8.374"/>
  <system-out/>
</testsuite> <!-- RohitAutomation.Framework_Practice.Checkbox -->
