<?xml version="1.0" encoding="UTF-8"?>
<!-- Generated by org.testng.reporters.JUnitReportReporter -->
<testsuite hostname="Rohit-Badole" failures="0" tests="1" name="RohitAutomation.Framework_Practice.Window" time="16.577" errors="0" timestamp="2022-07-16T06:12:55 IST" skipped="0">
  <testcase classname="RohitAutomation.Framework_Practice.Window" name="method1" time="16.577"/>
  <system-out/>
</testsuite> <!-- RohitAutomation.Framework_Practice.Window -->
