<?xml version="1.0" encoding="UTF-8"?>
<!-- Generated by org.testng.reporters.JUnitReportReporter -->
<testsuite hostname="Rohit-Badole" failures="0" tests="2" name="RohitAutomation.Framework_Practice.Class1Test" time="0.006" errors="0" timestamp="2022-07-16T02:12:42 IST" skipped="0">
  <testcase classname="RohitAutomation.Framework_Practice.Class1Test" name="Automation1" time="0.006"/>
  <system-out/>
  <testcase classname="RohitAutomation.Framework_Practice.Class1Test" name="Automation2" time="0.000"/>
  <system-out/>
</testsuite> <!-- RohitAutomation.Framework_Practice.Class1Test -->
