<?xml version="1.0" encoding="UTF-8"?>
<!-- Generated by org.testng.reporters.JUnitReportReporter -->
<testsuite hostname="Rohit-Badole" failures="0" tests="1" name="qaClickAcademy.TextField" time="11.827" errors="0" timestamp="2022-07-17T05:06:52 IST" skipped="0">
  <testcase classname="qaClickAcademy.TextField" name="textfield" time="11.827"/>
  <system-out/>
</testsuite> <!-- qaClickAcademy.TextField -->
